

Started GET "/coaches" for 127.0.0.1 at Thu Dec 22 23:23:57 -0500 2011
  Processing by CoachesController#index as HTML
Completed 500 Internal Server Error in 1ms

ActiveRecord::StatementInvalid (Could not find table 'coaches'):
  app/controllers/coaches_controller.rb:5:in `index'

Rendered /var/lib/gems/1.8/gems/actionpack-3.1.3/lib/action_dispatch/middleware/templates/rescues/_trace.erb (1.7ms)
Rendered /var/lib/gems/1.8/gems/actionpack-3.1.3/lib/action_dispatch/middleware/templates/rescues/_request_and_response.erb (1.1ms)
Rendered /var/lib/gems/1.8/gems/actionpack-3.1.3/lib/action_dispatch/middleware/templates/rescues/diagnostics.erb within rescues/layout (7.2ms)


Started GET "/static.ak.fbcdn.net" for 127.0.0.1 at Thu Dec 22 23:23:57 -0500 2011

ActionController::RoutingError (No route matches [GET] "/static.ak.fbcdn.net"):
  

Rendered /var/lib/gems/1.8/gems/actionpack-3.1.3/lib/action_dispatch/middleware/templates/rescues/routing_error.erb within rescues/layout (0.6ms)


Started GET "/boxers" for 127.0.0.1 at Thu Dec 22 23:24:05 -0500 2011
  Processing by BoxersController#index as HTML
Completed 500 Internal Server Error in 1ms

ActiveRecord::StatementInvalid (Could not find table 'boxers'):
  app/controllers/boxers_controller.rb:5:in `index'

Rendered /var/lib/gems/1.8/gems/actionpack-3.1.3/lib/action_dispatch/middleware/templates/rescues/_trace.erb (1.8ms)
Rendered /var/lib/gems/1.8/gems/actionpack-3.1.3/lib/action_dispatch/middleware/templates/rescues/_request_and_response.erb (1.4ms)
Rendered /var/lib/gems/1.8/gems/actionpack-3.1.3/lib/action_dispatch/middleware/templates/rescues/diagnostics.erb within rescues/layout (6.5ms)


Started GET "/static.ak.fbcdn.net" for 127.0.0.1 at Thu Dec 22 23:24:05 -0500 2011

ActionController::RoutingError (No route matches [GET] "/static.ak.fbcdn.net"):
  

Rendered /var/lib/gems/1.8/gems/actionpack-3.1.3/lib/action_dispatch/middleware/templates/rescues/routing_error.erb within rescues/layout (1.3ms)
  [1m[36m (0.1ms)[0m  [1mselect sqlite_version(*)[0m
  [1m[35m (214.3ms)[0m  CREATE TABLE "schema_migrations" ("version" varchar(255) NOT NULL) 
  [1m[36m (0.2ms)[0m  [1mPRAGMA index_list("schema_migrations")[0m
  [1m[35m (159.0ms)[0m  CREATE UNIQUE INDEX "unique_schema_migrations" ON "schema_migrations" ("version")
  [1m[36m (0.2ms)[0m  [1mSELECT "schema_migrations"."version" FROM "schema_migrations" [0m
Migrating to CreateBoxers (20111223041156)
  [1m[35m (1.1ms)[0m  CREATE TABLE "boxers" ("id" INTEGER PRIMARY KEY AUTOINCREMENT NOT NULL, "lastname" varchar(255), "firstname" varchar(255), "middleinitial" varchar(255), "xNumber" varchar(255), "gradyear" integer, "created_at" datetime, "updated_at" datetime) 
  [1m[36m (0.3ms)[0m  [1mINSERT INTO "schema_migrations" ("version") VALUES ('20111223041156')[0m
Migrating to CreateCoaches (20111223041917)
  [1m[35m (0.4ms)[0m  CREATE TABLE "coaches" ("id" INTEGER PRIMARY KEY AUTOINCREMENT NOT NULL, "lastname" varchar(255), "firstname" varchar(255), "middleinitial" varchar(255), "xNumber" varchar(255), "created_at" datetime, "updated_at" datetime) 
  [1m[36m (0.1ms)[0m  [1mINSERT INTO "schema_migrations" ("version") VALUES ('20111223041917')[0m
  [1m[35m (0.1ms)[0m  select sqlite_version(*)
  [1m[36m (0.1ms)[0m  [1mSELECT "schema_migrations"."version" FROM "schema_migrations" [0m
  [1m[35m (0.0ms)[0m  PRAGMA index_list("boxers")
  [1m[36m (0.0ms)[0m  [1mPRAGMA index_list("coaches")[0m


Started GET "/boxers" for 127.0.0.1 at Thu Dec 22 23:24:36 -0500 2011
  Processing by BoxersController#index as HTML
  [1m[36mBoxer Load (0.4ms)[0m  [1mSELECT "boxers".* FROM "boxers" [0m
Rendered boxers/index.html.erb within layouts/application (3.3ms)
Compiled application.css  (4ms)  (pid 7003)
Compiled boxers.css  (3ms)  (pid 7003)
Compiled coaches.css  (2ms)  (pid 7003)
Compiled scaffolds.css  (909ms)  (pid 7003)
Compiled application.js  (9ms)  (pid 7003)
Compiled jquery.js  (10ms)  (pid 7003)
Compiled jquery_ujs.js  (1ms)  (pid 7003)
Compiled boxers.js  (201ms)  (pid 7003)
Compiled coaches.js  (270ms)  (pid 7003)
Completed 200 OK in 1556ms (Views: 1553.9ms | ActiveRecord: 0.4ms)


Started GET "/assets/application.css?body=1" for 127.0.0.1 at Thu Dec 22 23:24:38 -0500 2011
Served asset /application.css - 200 OK (0ms)


Started GET "/assets/boxers.css?body=1" for 127.0.0.1 at Thu Dec 22 23:24:38 -0500 2011
Served asset /boxers.css - 304 Not Modified (4ms)


Started GET "/assets/coaches.css?body=1" for 127.0.0.1 at Thu Dec 22 23:24:38 -0500 2011
Served asset /coaches.css - 304 Not Modified (6ms)


Started GET "/assets/jquery.js?body=1" for 127.0.0.1 at Thu Dec 22 23:24:38 -0500 2011
Served asset /jquery.js - 304 Not Modified (17ms)


Started GET "/assets/scaffolds.css?body=1" for 127.0.0.1 at Thu Dec 22 23:24:38 -0500 2011
Served asset /scaffolds.css - 200 OK (4ms)


Started GET "/assets/jquery_ujs.js?body=1" for 127.0.0.1 at Thu Dec 22 23:24:38 -0500 2011
Served asset /jquery_ujs.js - 304 Not Modified (4ms)


Started GET "/assets/boxers.js?body=1" for 127.0.0.1 at Thu Dec 22 23:24:38 -0500 2011
Served asset /boxers.js - 304 Not Modified (2ms)


Started GET "/assets/coaches.js?body=1" for 127.0.0.1 at Thu Dec 22 23:24:38 -0500 2011
Served asset /coaches.js - 304 Not Modified (2ms)


Started GET "/assets/application.js?body=1" for 127.0.0.1 at Thu Dec 22 23:24:38 -0500 2011
Served asset /application.js - 304 Not Modified (0ms)


Started GET "/static.ak.fbcdn.net" for 127.0.0.1 at Thu Dec 22 23:24:38 -0500 2011

ActionController::RoutingError (No route matches [GET] "/static.ak.fbcdn.net"):
  

Rendered /var/lib/gems/1.8/gems/actionpack-3.1.3/lib/action_dispatch/middleware/templates/rescues/routing_error.erb within rescues/layout (0.7ms)


Started GET "/boxers/new" for 127.0.0.1 at Thu Dec 22 23:24:44 -0500 2011
  Processing by BoxersController#new as HTML
Rendered boxers/_form.html.erb (14.9ms)
Rendered boxers/new.html.erb within layouts/application (19.8ms)
Completed 200 OK in 48ms (Views: 46.7ms | ActiveRecord: 0.4ms)


Started GET "/assets/application.css?body=1" for 127.0.0.1 at Thu Dec 22 23:24:45 -0500 2011
Served asset /application.css - 304 Not Modified (0ms)


Started GET "/assets/boxers.css?body=1" for 127.0.0.1 at Thu Dec 22 23:24:45 -0500 2011
Served asset /boxers.css - 304 Not Modified (0ms)


Started GET "/assets/coaches.css?body=1" for 127.0.0.1 at Thu Dec 22 23:24:45 -0500 2011
Served asset /coaches.css - 304 Not Modified (0ms)


Started GET "/assets/scaffolds.css?body=1" for 127.0.0.1 at Thu Dec 22 23:24:45 -0500 2011
Served asset /scaffolds.css - 304 Not Modified (0ms)


Started GET "/assets/jquery_ujs.js?body=1" for 127.0.0.1 at Thu Dec 22 23:24:45 -0500 2011
Served asset /jquery_ujs.js - 304 Not Modified (0ms)


Started GET "/assets/jquery.js?body=1" for 127.0.0.1 at Thu Dec 22 23:24:45 -0500 2011
Served asset /jquery.js - 304 Not Modified (0ms)


Started GET "/assets/boxers.js?body=1" for 127.0.0.1 at Thu Dec 22 23:24:45 -0500 2011
Served asset /boxers.js - 304 Not Modified (0ms)


Started GET "/assets/coaches.js?body=1" for 127.0.0.1 at Thu Dec 22 23:24:45 -0500 2011
Served asset /coaches.js - 304 Not Modified (0ms)


Started GET "/assets/application.js?body=1" for 127.0.0.1 at Thu Dec 22 23:24:45 -0500 2011
Served asset /application.js - 304 Not Modified (1ms)


Started GET "/boxers/static.ak.fbcdn.net" for 127.0.0.1 at Thu Dec 22 23:24:45 -0500 2011

ActionController::RoutingError (No route matches [GET] "/boxers/static.ak.fbcdn.net"):
  

Rendered /var/lib/gems/1.8/gems/actionpack-3.1.3/lib/action_dispatch/middleware/templates/rescues/routing_error.erb within rescues/layout (1.0ms)


Started POST "/boxers" for 127.0.0.1 at Thu Dec 22 23:25:21 -0500 2011
  Processing by BoxersController#create as HTML
  Parameters: {"commit"=>"Create Boxer", "boxer"=>{"gradyear"=>"2012", "xNumber"=>"x12345", "lastname"=>"Johnson", "middleinitial"=>"", "firstname"=>"Ryan"}, "authenticity_token"=>"P2BN7lin0Ck8F7/auTtmWn9Q/Nhh9GNrWGTOG8VUvvQ=", "utf8"=>"✓"}
  [1m[35mSQL (76.2ms)[0m  INSERT INTO "boxers" ("created_at", "firstname", "gradyear", "lastname", "middleinitial", "updated_at", "xNumber") VALUES (?, ?, ?, ?, ?, ?, ?)  [["created_at", Fri, 23 Dec 2011 04:25:21 UTC +00:00], ["firstname", "Ryan"], ["gradyear", 2012], ["lastname", "Johnson"], ["middleinitial", ""], ["updated_at", Fri, 23 Dec 2011 04:25:21 UTC +00:00], ["xNumber", "x12345"]]
Redirected to http://localhost:3000/boxers/1
Completed 302 Found in 317ms


Started GET "/boxers/1" for 127.0.0.1 at Thu Dec 22 23:25:21 -0500 2011
  Processing by BoxersController#show as HTML
  Parameters: {"id"=>"1"}
  [1m[36mBoxer Load (0.2ms)[0m  [1mSELECT "boxers".* FROM "boxers" WHERE "boxers"."id" = ? LIMIT 1[0m  [["id", "1"]]
Rendered boxers/show.html.erb within layouts/application (7.6ms)
Completed 200 OK in 39ms (Views: 34.9ms | ActiveRecord: 0.8ms)


Started GET "/assets/application.css?body=1" for 127.0.0.1 at Thu Dec 22 23:25:21 -0500 2011
Served asset /application.css - 304 Not Modified (0ms)


Started GET "/assets/jquery.js?body=1" for 127.0.0.1 at Thu Dec 22 23:25:21 -0500 2011
Served asset /jquery.js - 304 Not Modified (0ms)


Started GET "/assets/scaffolds.css?body=1" for 127.0.0.1 at Thu Dec 22 23:25:21 -0500 2011
Served asset /scaffolds.css - 304 Not Modified (0ms)


Started GET "/assets/boxers.css?body=1" for 127.0.0.1 at Thu Dec 22 23:25:21 -0500 2011
Served asset /boxers.css - 304 Not Modified (0ms)


Started GET "/assets/coaches.css?body=1" for 127.0.0.1 at Thu Dec 22 23:25:21 -0500 2011
Served asset /coaches.css - 304 Not Modified (0ms)


Started GET "/assets/jquery_ujs.js?body=1" for 127.0.0.1 at Thu Dec 22 23:25:21 -0500 2011
Served asset /jquery_ujs.js - 304 Not Modified (0ms)


Started GET "/assets/boxers.js?body=1" for 127.0.0.1 at Thu Dec 22 23:25:21 -0500 2011
Served asset /boxers.js - 304 Not Modified (0ms)


Started GET "/assets/coaches.js?body=1" for 127.0.0.1 at Thu Dec 22 23:25:21 -0500 2011
Served asset /coaches.js - 304 Not Modified (0ms)


Started GET "/assets/application.js?body=1" for 127.0.0.1 at Thu Dec 22 23:25:21 -0500 2011
Served asset /application.js - 304 Not Modified (0ms)


Started GET "/boxers/static.ak.fbcdn.net" for 127.0.0.1 at Thu Dec 22 23:25:21 -0500 2011

ActionController::RoutingError (No route matches [GET] "/boxers/static.ak.fbcdn.net"):
  

Rendered /var/lib/gems/1.8/gems/actionpack-3.1.3/lib/action_dispatch/middleware/templates/rescues/routing_error.erb within rescues/layout (0.8ms)


Started GET "/boxers" for 127.0.0.1 at Thu Dec 22 23:25:23 -0500 2011
  Processing by BoxersController#index as HTML
  [1m[35mBoxer Load (0.2ms)[0m  SELECT "boxers".* FROM "boxers" 
Rendered boxers/index.html.erb within layouts/application (8.6ms)
Completed 200 OK in 42ms (Views: 39.3ms | ActiveRecord: 0.8ms)


Started GET "/assets/application.css?body=1" for 127.0.0.1 at Thu Dec 22 23:25:23 -0500 2011
Served asset /application.css - 304 Not Modified (0ms)


Started GET "/assets/boxers.css?body=1" for 127.0.0.1 at Thu Dec 22 23:25:23 -0500 2011
Served asset /boxers.css - 304 Not Modified (0ms)


Started GET "/assets/coaches.css?body=1" for 127.0.0.1 at Thu Dec 22 23:25:23 -0500 2011
Served asset /coaches.css - 304 Not Modified (0ms)


Started GET "/assets/scaffolds.css?body=1" for 127.0.0.1 at Thu Dec 22 23:25:23 -0500 2011
Served asset /scaffolds.css - 304 Not Modified (0ms)


Started GET "/assets/jquery.js?body=1" for 127.0.0.1 at Thu Dec 22 23:25:23 -0500 2011
Served asset /jquery.js - 304 Not Modified (0ms)


Started GET "/assets/jquery_ujs.js?body=1" for 127.0.0.1 at Thu Dec 22 23:25:23 -0500 2011
Served asset /jquery_ujs.js - 304 Not Modified (0ms)


Started GET "/assets/boxers.js?body=1" for 127.0.0.1 at Thu Dec 22 23:25:23 -0500 2011
Served asset /boxers.js - 304 Not Modified (0ms)


Started GET "/assets/coaches.js?body=1" for 127.0.0.1 at Thu Dec 22 23:25:23 -0500 2011
Served asset /coaches.js - 304 Not Modified (0ms)


Started GET "/assets/application.js?body=1" for 127.0.0.1 at Thu Dec 22 23:25:23 -0500 2011
Served asset /application.js - 304 Not Modified (0ms)


Started GET "/static.ak.fbcdn.net" for 127.0.0.1 at Thu Dec 22 23:25:23 -0500 2011

ActionController::RoutingError (No route matches [GET] "/static.ak.fbcdn.net"):
  

Rendered /var/lib/gems/1.8/gems/actionpack-3.1.3/lib/action_dispatch/middleware/templates/rescues/routing_error.erb within rescues/layout (0.7ms)


Started GET "/coaches" for 127.0.0.1 at Thu Dec 22 23:25:31 -0500 2011
  Processing by CoachesController#index as HTML
  [1m[36mCoach Load (0.3ms)[0m  [1mSELECT "coaches".* FROM "coaches" [0m
Rendered coaches/index.html.erb within layouts/application (1.5ms)
Completed 200 OK in 32ms (Views: 30.3ms | ActiveRecord: 0.3ms)


Started GET "/assets/application.css?body=1" for 127.0.0.1 at Thu Dec 22 23:25:31 -0500 2011
Served asset /application.css - 304 Not Modified (0ms)


Started GET "/assets/boxers.css?body=1" for 127.0.0.1 at Thu Dec 22 23:25:31 -0500 2011
Served asset /boxers.css - 304 Not Modified (0ms)


Started GET "/assets/coaches.css?body=1" for 127.0.0.1 at Thu Dec 22 23:25:32 -0500 2011
Served asset /coaches.css - 304 Not Modified (0ms)


Started GET "/assets/scaffolds.css?body=1" for 127.0.0.1 at Thu Dec 22 23:25:32 -0500 2011
Served asset /scaffolds.css - 304 Not Modified (0ms)


Started GET "/assets/jquery.js?body=1" for 127.0.0.1 at Thu Dec 22 23:25:32 -0500 2011
Served asset /jquery.js - 304 Not Modified (0ms)


Started GET "/assets/jquery_ujs.js?body=1" for 127.0.0.1 at Thu Dec 22 23:25:32 -0500 2011
Served asset /jquery_ujs.js - 304 Not Modified (0ms)


Started GET "/assets/boxers.js?body=1" for 127.0.0.1 at Thu Dec 22 23:25:32 -0500 2011
Served asset /boxers.js - 304 Not Modified (0ms)


Started GET "/assets/coaches.js?body=1" for 127.0.0.1 at Thu Dec 22 23:25:32 -0500 2011
Served asset /coaches.js - 304 Not Modified (0ms)


Started GET "/assets/application.js?body=1" for 127.0.0.1 at Thu Dec 22 23:25:32 -0500 2011
Served asset /application.js - 304 Not Modified (0ms)


Started GET "/static.ak.fbcdn.net" for 127.0.0.1 at Thu Dec 22 23:25:32 -0500 2011

ActionController::RoutingError (No route matches [GET] "/static.ak.fbcdn.net"):
  

Rendered /var/lib/gems/1.8/gems/actionpack-3.1.3/lib/action_dispatch/middleware/templates/rescues/routing_error.erb within rescues/layout (0.7ms)


Started GET "/coaches/new" for 127.0.0.1 at Thu Dec 22 23:25:33 -0500 2011
  Processing by CoachesController#new as HTML
Rendered coaches/_form.html.erb (12.3ms)
Rendered coaches/new.html.erb within layouts/application (14.0ms)
Completed 200 OK in 41ms (Views: 39.6ms | ActiveRecord: 0.3ms)


Started GET "/assets/application.css?body=1" for 127.0.0.1 at Thu Dec 22 23:25:33 -0500 2011
Served asset /application.css - 304 Not Modified (0ms)


Started GET "/assets/boxers.css?body=1" for 127.0.0.1 at Thu Dec 22 23:25:33 -0500 2011
Served asset /boxers.css - 304 Not Modified (0ms)


Started GET "/assets/coaches.css?body=1" for 127.0.0.1 at Thu Dec 22 23:25:33 -0500 2011
Served asset /coaches.css - 304 Not Modified (0ms)


Started GET "/assets/jquery.js?body=1" for 127.0.0.1 at Thu Dec 22 23:25:33 -0500 2011
Served asset /jquery.js - 304 Not Modified (0ms)


Started GET "/assets/jquery_ujs.js?body=1" for 127.0.0.1 at Thu Dec 22 23:25:33 -0500 2011
Served asset /jquery_ujs.js - 304 Not Modified (0ms)


Started GET "/assets/scaffolds.css?body=1" for 127.0.0.1 at Thu Dec 22 23:25:33 -0500 2011
Served asset /scaffolds.css - 304 Not Modified (0ms)


Started GET "/assets/boxers.js?body=1" for 127.0.0.1 at Thu Dec 22 23:25:33 -0500 2011
Served asset /boxers.js - 304 Not Modified (0ms)


Started GET "/assets/coaches.js?body=1" for 127.0.0.1 at Thu Dec 22 23:25:33 -0500 2011
Served asset /coaches.js - 304 Not Modified (0ms)


Started GET "/assets/application.js?body=1" for 127.0.0.1 at Thu Dec 22 23:25:33 -0500 2011
Served asset /application.js - 304 Not Modified (0ms)


Started GET "/coaches/static.ak.fbcdn.net" for 127.0.0.1 at Thu Dec 22 23:25:34 -0500 2011

ActionController::RoutingError (No route matches [GET] "/coaches/static.ak.fbcdn.net"):
  

Rendered /var/lib/gems/1.8/gems/actionpack-3.1.3/lib/action_dispatch/middleware/templates/rescues/routing_error.erb within rescues/layout (0.9ms)


Started POST "/coaches" for 127.0.0.1 at Thu Dec 22 23:25:49 -0500 2011
  Processing by CoachesController#create as HTML
  Parameters: {"commit"=>"Create Coach", "authenticity_token"=>"P2BN7lin0Ck8F7/auTtmWn9Q/Nhh9GNrWGTOG8VUvvQ=", "utf8"=>"✓", "coach"=>{"xNumber"=>"x27408", "lastname"=>"Poyner", "middleinitial"=>"B", "firstname"=>"Sean"}}
  [1m[35mSQL (0.6ms)[0m  INSERT INTO "coaches" ("created_at", "firstname", "lastname", "middleinitial", "updated_at", "xNumber") VALUES (?, ?, ?, ?, ?, ?)  [["created_at", Fri, 23 Dec 2011 04:25:49 UTC +00:00], ["firstname", "Sean"], ["lastname", "Poyner"], ["middleinitial", "B"], ["updated_at", Fri, 23 Dec 2011 04:25:49 UTC +00:00], ["xNumber", "x27408"]]
Redirected to http://localhost:3000/coaches/1
Completed 302 Found in 318ms


Started GET "/coaches/1" for 127.0.0.1 at Thu Dec 22 23:25:50 -0500 2011
  Processing by CoachesController#show as HTML
  Parameters: {"id"=>"1"}
  [1m[36mCoach Load (0.2ms)[0m  [1mSELECT "coaches".* FROM "coaches" WHERE "coaches"."id" = ? LIMIT 1[0m  [["id", "1"]]
Rendered coaches/show.html.erb within layouts/application (7.9ms)
Completed 200 OK in 36ms (Views: 32.6ms | ActiveRecord: 0.7ms)


Started GET "/assets/application.css?body=1" for 127.0.0.1 at Thu Dec 22 23:25:50 -0500 2011
Served asset /application.css - 304 Not Modified (0ms)


Started GET "/assets/coaches.css?body=1" for 127.0.0.1 at Thu Dec 22 23:25:50 -0500 2011
Served asset /coaches.css - 304 Not Modified (0ms)


Started GET "/assets/boxers.css?body=1" for 127.0.0.1 at Thu Dec 22 23:25:50 -0500 2011
Served asset /boxers.css - 304 Not Modified (0ms)


Started GET "/assets/scaffolds.css?body=1" for 127.0.0.1 at Thu Dec 22 23:25:50 -0500 2011
Served asset /scaffolds.css - 304 Not Modified (0ms)


Started GET "/assets/jquery.js?body=1" for 127.0.0.1 at Thu Dec 22 23:25:50 -0500 2011
Served asset /jquery.js - 304 Not Modified (0ms)


Started GET "/assets/jquery_ujs.js?body=1" for 127.0.0.1 at Thu Dec 22 23:25:50 -0500 2011
Served asset /jquery_ujs.js - 304 Not Modified (0ms)


Started GET "/assets/boxers.js?body=1" for 127.0.0.1 at Thu Dec 22 23:25:50 -0500 2011
Served asset /boxers.js - 304 Not Modified (0ms)


Started GET "/assets/coaches.js?body=1" for 127.0.0.1 at Thu Dec 22 23:25:50 -0500 2011
Served asset /coaches.js - 304 Not Modified (0ms)


Started GET "/assets/application.js?body=1" for 127.0.0.1 at Thu Dec 22 23:25:50 -0500 2011
Served asset /application.js - 304 Not Modified (0ms)


Started GET "/coaches/static.ak.fbcdn.net" for 127.0.0.1 at Thu Dec 22 23:25:50 -0500 2011

ActionController::RoutingError (No route matches [GET] "/coaches/static.ak.fbcdn.net"):
  

Rendered /var/lib/gems/1.8/gems/actionpack-3.1.3/lib/action_dispatch/middleware/templates/rescues/routing_error.erb within rescues/layout (0.7ms)


Started GET "/coaches" for 127.0.0.1 at Thu Dec 22 23:25:52 -0500 2011
  Processing by CoachesController#index as HTML
  [1m[35mCoach Load (0.1ms)[0m  SELECT "coaches".* FROM "coaches" 
Rendered coaches/index.html.erb within layouts/application (8.4ms)
Completed 200 OK in 46ms (Views: 43.4ms | ActiveRecord: 0.6ms)


Started GET "/assets/application.css?body=1" for 127.0.0.1 at Thu Dec 22 23:25:52 -0500 2011
Served asset /application.css - 304 Not Modified (0ms)


Started GET "/assets/boxers.css?body=1" for 127.0.0.1 at Thu Dec 22 23:25:52 -0500 2011
Served asset /boxers.css - 304 Not Modified (0ms)


Started GET "/assets/scaffolds.css?body=1" for 127.0.0.1 at Thu Dec 22 23:25:52 -0500 2011
Served asset /scaffolds.css - 304 Not Modified (0ms)


Started GET "/assets/coaches.css?body=1" for 127.0.0.1 at Thu Dec 22 23:25:52 -0500 2011
Served asset /coaches.css - 304 Not Modified (0ms)


Started GET "/assets/jquery.js?body=1" for 127.0.0.1 at Thu Dec 22 23:25:52 -0500 2011
Served asset /jquery.js - 304 Not Modified (0ms)


Started GET "/assets/jquery_ujs.js?body=1" for 127.0.0.1 at Thu Dec 22 23:25:52 -0500 2011
Served asset /jquery_ujs.js - 304 Not Modified (0ms)


Started GET "/assets/boxers.js?body=1" for 127.0.0.1 at Thu Dec 22 23:25:52 -0500 2011
Served asset /boxers.js - 304 Not Modified (0ms)


Started GET "/assets/coaches.js?body=1" for 127.0.0.1 at Thu Dec 22 23:25:52 -0500 2011
Served asset /coaches.js - 304 Not Modified (0ms)


Started GET "/assets/application.js?body=1" for 127.0.0.1 at Thu Dec 22 23:25:52 -0500 2011
Served asset /application.js - 304 Not Modified (0ms)


Started GET "/static.ak.fbcdn.net" for 127.0.0.1 at Thu Dec 22 23:25:52 -0500 2011

ActionController::RoutingError (No route matches [GET] "/static.ak.fbcdn.net"):
  

Rendered /var/lib/gems/1.8/gems/actionpack-3.1.3/lib/action_dispatch/middleware/templates/rescues/routing_error.erb within rescues/layout (1.1ms)


Started GET "/coaches" for 127.0.0.1 at Thu Dec 22 23:28:31 -0500 2011
  Processing by CoachesController#index as HTML
  [1m[36mCoach Load (0.2ms)[0m  [1mSELECT "coaches".* FROM "coaches" [0m
Rendered coaches/index.html.erb within layouts/application (7.6ms)
Compiled scaffolds.css  (856ms)  (pid 7003)
Compiled application.css  (4ms)  (pid 7003)
Completed 200 OK in 984ms (Views: 981.5ms | ActiveRecord: 0.6ms)


Started GET "/assets/application.css?body=1" for 127.0.0.1 at Thu Dec 22 23:28:32 -0500 2011
Served asset /application.css - 200 OK (0ms)


Started GET "/assets/scaffolds.css?body=1" for 127.0.0.1 at Thu Dec 22 23:28:32 -0500 2011
Served asset /scaffolds.css - 200 OK (4ms)


Started GET "/assets/coaches.css?body=1" for 127.0.0.1 at Thu Dec 22 23:28:32 -0500 2011
Served asset /coaches.css - 304 Not Modified (0ms)


Started GET "/assets/boxers.css?body=1" for 127.0.0.1 at Thu Dec 22 23:28:32 -0500 2011
Served asset /boxers.css - 304 Not Modified (0ms)


Started GET "/assets/jquery.js?body=1" for 127.0.0.1 at Thu Dec 22 23:28:32 -0500 2011
Served asset /jquery.js - 304 Not Modified (0ms)


Started GET "/assets/jquery_ujs.js?body=1" for 127.0.0.1 at Thu Dec 22 23:28:32 -0500 2011
Served asset /jquery_ujs.js - 304 Not Modified (0ms)


Started GET "/assets/boxers.js?body=1" for 127.0.0.1 at Thu Dec 22 23:28:33 -0500 2011
Served asset /boxers.js - 304 Not Modified (0ms)


Started GET "/assets/coaches.js?body=1" for 127.0.0.1 at Thu Dec 22 23:28:33 -0500 2011
Served asset /coaches.js - 304 Not Modified (0ms)


Started GET "/assets/application.js?body=1" for 127.0.0.1 at Thu Dec 22 23:28:33 -0500 2011
Served asset /application.js - 304 Not Modified (0ms)


Started GET "/static.ak.fbcdn.net" for 127.0.0.1 at Thu Dec 22 23:28:33 -0500 2011

ActionController::RoutingError (No route matches [GET] "/static.ak.fbcdn.net"):
  

Rendered /var/lib/gems/1.8/gems/actionpack-3.1.3/lib/action_dispatch/middleware/templates/rescues/routing_error.erb within rescues/layout (0.9ms)
